CRITICAL - 2023-10-01 08:22:59 --> Undefined variable $item
in APPPATH\Views\ecommerce\main\homebody.php on line 183.
 1 APPPATH\Views\ecommerce\main\homebody.php(183): CodeIgniter\Debug\Exceptions->errorHandler(2, 'Undefined variable $item', 'C:\\laragon\\www\\LOGIN_REGISTER\\app\\Views\\ecommerce\\main\\homebody.php', 183)
 2 SYSTEMPATH\View\View.php(226): include('C:\\laragon\\www\\LOGIN_REGISTER\\app\\Views\\ecommerce\\main\\homebody.php')
 3 SYSTEMPATH\View\View.php(229): CodeIgniter\View\View->CodeIgniter\View\{closure}()
 4 SYSTEMPATH\Common.php(1188): CodeIgniter\View\View->render('ecommerce/main/homebody.php', [], true)
 5 APPPATH\Views\main.php(6): view('ecommerce/main/homebody.php')
 6 SYSTEMPATH\View\View.php(226): include('C:\\laragon\\www\\LOGIN_REGISTER\\app\\Views\\main.php')
 7 SYSTEMPATH\View\View.php(229): CodeIgniter\View\View->CodeIgniter\View\{closure}()
 8 SYSTEMPATH\Common.php(1188): CodeIgniter\View\View->render('main', [], true)
 9 APPPATH\Controllers\UserController.php(16): view('main')
10 SYSTEMPATH\CodeIgniter.php(919): App\Controllers\UserController->main()
11 SYSTEMPATH\CodeIgniter.php(494): CodeIgniter\CodeIgniter->runController(Object(App\Controllers\UserController))
12 SYSTEMPATH\CodeIgniter.php(353): CodeIgniter\CodeIgniter->handleRequest(null, Object(Config\Cache), false)
13 FCPATH\index.php(79): CodeIgniter\CodeIgniter->run()
14 SYSTEMPATH\Commands\Server\rewrite.php(47): require_once('C:\\laragon\\www\\LOGIN_REGISTER\\public\\index.php')
CRITICAL - 2023-10-01 08:23:37 --> Undefined variable $item
in APPPATH\Views\ecommerce\main\homebody.php on line 183.
 1 APPPATH\Views\ecommerce\main\homebody.php(183): CodeIgniter\Debug\Exceptions->errorHandler(2, 'Undefined variable $item', 'C:\\laragon\\www\\LOGIN_REGISTER\\app\\Views\\ecommerce\\main\\homebody.php', 183)
 2 SYSTEMPATH\View\View.php(226): include('C:\\laragon\\www\\LOGIN_REGISTER\\app\\Views\\ecommerce\\main\\homebody.php')
 3 SYSTEMPATH\View\View.php(229): CodeIgniter\View\View->CodeIgniter\View\{closure}()
 4 SYSTEMPATH\Common.php(1188): CodeIgniter\View\View->render('ecommerce/main/homebody.php', [], true)
 5 APPPATH\Views\main.php(6): view('ecommerce/main/homebody.php')
 6 SYSTEMPATH\View\View.php(226): include('C:\\laragon\\www\\LOGIN_REGISTER\\app\\Views\\main.php')
 7 SYSTEMPATH\View\View.php(229): CodeIgniter\View\View->CodeIgniter\View\{closure}()
 8 SYSTEMPATH\Common.php(1188): CodeIgniter\View\View->render('main', [], true)
 9 APPPATH\Controllers\UserController.php(16): view('main')
10 SYSTEMPATH\CodeIgniter.php(919): App\Controllers\UserController->main()
11 SYSTEMPATH\CodeIgniter.php(494): CodeIgniter\CodeIgniter->runController(Object(App\Controllers\UserController))
12 SYSTEMPATH\CodeIgniter.php(353): CodeIgniter\CodeIgniter->handleRequest(null, Object(Config\Cache), false)
13 FCPATH\index.php(79): CodeIgniter\CodeIgniter->run()
14 SYSTEMPATH\Commands\Server\rewrite.php(47): require_once('C:\\laragon\\www\\LOGIN_REGISTER\\public\\index.php')
CRITICAL - 2023-10-01 08:27:25 --> Undefined variable $item
in APPPATH\Views\ecommerce\main\homebody.php on line 183.
 1 APPPATH\Views\ecommerce\main\homebody.php(183): CodeIgniter\Debug\Exceptions->errorHandler(2, 'Undefined variable $item', 'C:\\laragon\\www\\LOGIN_REGISTER\\app\\Views\\ecommerce\\main\\homebody.php', 183)
 2 SYSTEMPATH\View\View.php(226): include('C:\\laragon\\www\\LOGIN_REGISTER\\app\\Views\\ecommerce\\main\\homebody.php')
 3 SYSTEMPATH\View\View.php(229): CodeIgniter\View\View->CodeIgniter\View\{closure}()
 4 SYSTEMPATH\Common.php(1188): CodeIgniter\View\View->render('ecommerce/main/homebody.php', [], true)
 5 APPPATH\Views\main.php(6): view('ecommerce/main/homebody.php')
 6 SYSTEMPATH\View\View.php(226): include('C:\\laragon\\www\\LOGIN_REGISTER\\app\\Views\\main.php')
 7 SYSTEMPATH\View\View.php(229): CodeIgniter\View\View->CodeIgniter\View\{closure}()
 8 SYSTEMPATH\Common.php(1188): CodeIgniter\View\View->render('main', [], true)
 9 APPPATH\Controllers\UserController.php(16): view('main')
10 SYSTEMPATH\CodeIgniter.php(919): App\Controllers\UserController->main()
11 SYSTEMPATH\CodeIgniter.php(494): CodeIgniter\CodeIgniter->runController(Object(App\Controllers\UserController))
12 SYSTEMPATH\CodeIgniter.php(353): CodeIgniter\CodeIgniter->handleRequest(null, Object(Config\Cache), false)
13 FCPATH\index.php(79): CodeIgniter\CodeIgniter->run()
14 SYSTEMPATH\Commands\Server\rewrite.php(47): require_once('C:\\laragon\\www\\LOGIN_REGISTER\\public\\index.php')
CRITICAL - 2023-10-01 08:27:41 --> Undefined variable $items
in APPPATH\Views\ecommerce\main\homebody.php on line 183.
 1 APPPATH\Views\ecommerce\main\homebody.php(183): CodeIgniter\Debug\Exceptions->errorHandler(2, 'Undefined variable $items', 'C:\\laragon\\www\\LOGIN_REGISTER\\app\\Views\\ecommerce\\main\\homebody.php', 183)
 2 SYSTEMPATH\View\View.php(226): include('C:\\laragon\\www\\LOGIN_REGISTER\\app\\Views\\ecommerce\\main\\homebody.php')
 3 SYSTEMPATH\View\View.php(229): CodeIgniter\View\View->CodeIgniter\View\{closure}()
 4 SYSTEMPATH\Common.php(1188): CodeIgniter\View\View->render('ecommerce/main/homebody.php', [], true)
 5 APPPATH\Views\main.php(6): view('ecommerce/main/homebody.php')
 6 SYSTEMPATH\View\View.php(226): include('C:\\laragon\\www\\LOGIN_REGISTER\\app\\Views\\main.php')
 7 SYSTEMPATH\View\View.php(229): CodeIgniter\View\View->CodeIgniter\View\{closure}()
 8 SYSTEMPATH\Common.php(1188): CodeIgniter\View\View->render('main', [], true)
 9 APPPATH\Controllers\UserController.php(16): view('main')
10 SYSTEMPATH\CodeIgniter.php(919): App\Controllers\UserController->main()
11 SYSTEMPATH\CodeIgniter.php(494): CodeIgniter\CodeIgniter->runController(Object(App\Controllers\UserController))
12 SYSTEMPATH\CodeIgniter.php(353): CodeIgniter\CodeIgniter->handleRequest(null, Object(Config\Cache), false)
13 FCPATH\index.php(79): CodeIgniter\CodeIgniter->run()
14 SYSTEMPATH\Commands\Server\rewrite.php(47): require_once('C:\\laragon\\www\\LOGIN_REGISTER\\public\\index.php')
CRITICAL - 2023-10-01 08:32:19 --> Undefined variable $items
in APPPATH\Views\ecommerce\main\homebody.php on line 177.
 1 APPPATH\Views\ecommerce\main\homebody.php(177): CodeIgniter\Debug\Exceptions->errorHandler(2, 'Undefined variable $items', 'C:\\laragon\\www\\LOGIN_REGISTER\\app\\Views\\ecommerce\\main\\homebody.php', 177)
 2 SYSTEMPATH\View\View.php(226): include('C:\\laragon\\www\\LOGIN_REGISTER\\app\\Views\\ecommerce\\main\\homebody.php')
 3 SYSTEMPATH\View\View.php(229): CodeIgniter\View\View->CodeIgniter\View\{closure}()
 4 SYSTEMPATH\Common.php(1188): CodeIgniter\View\View->render('ecommerce/main/homebody.php', [], true)
 5 APPPATH\Views\main.php(7): view('ecommerce/main/homebody.php')
 6 SYSTEMPATH\View\View.php(226): include('C:\\laragon\\www\\LOGIN_REGISTER\\app\\Views\\main.php')
 7 SYSTEMPATH\View\View.php(229): CodeIgniter\View\View->CodeIgniter\View\{closure}()
 8 SYSTEMPATH\Common.php(1188): CodeIgniter\View\View->render('main', [], true)
 9 APPPATH\Controllers\UserController.php(16): view('main')
10 SYSTEMPATH\CodeIgniter.php(919): App\Controllers\UserController->main()
11 SYSTEMPATH\CodeIgniter.php(494): CodeIgniter\CodeIgniter->runController(Object(App\Controllers\UserController))
12 SYSTEMPATH\CodeIgniter.php(353): CodeIgniter\CodeIgniter->handleRequest(null, Object(Config\Cache), false)
13 FCPATH\index.php(79): CodeIgniter\CodeIgniter->run()
14 SYSTEMPATH\Commands\Server\rewrite.php(47): require_once('C:\\laragon\\www\\LOGIN_REGISTER\\public\\index.php')
CRITICAL - 2023-10-01 08:59:42 --> syntax error, unexpected end of file
in APPPATH\Views\ecommerce\product\prodbody.php on line 188.
 1 SYSTEMPATH\View\View.php(229): CodeIgniter\View\View->CodeIgniter\View\{closure}()
 2 SYSTEMPATH\Common.php(1188): CodeIgniter\View\View->render('ecommerce/product/prodbody.php', [], true)
 3 APPPATH\Views\product.php(6): view('ecommerce/product/prodbody.php')
 4 SYSTEMPATH\View\View.php(226): include('C:\\laragon\\www\\LOGIN_REGISTER\\app\\Views\\product.php')
 5 SYSTEMPATH\View\View.php(229): CodeIgniter\View\View->CodeIgniter\View\{closure}()
 6 SYSTEMPATH\Common.php(1188): CodeIgniter\View\View->render('product', [], true)
 7 APPPATH\Controllers\UserController.php(36): view('product', [...])
 8 SYSTEMPATH\CodeIgniter.php(919): App\Controllers\UserController->product()
 9 SYSTEMPATH\CodeIgniter.php(494): CodeIgniter\CodeIgniter->runController(Object(App\Controllers\UserController))
10 SYSTEMPATH\CodeIgniter.php(353): CodeIgniter\CodeIgniter->handleRequest(null, Object(Config\Cache), false)
11 FCPATH\index.php(79): CodeIgniter\CodeIgniter->run()
12 SYSTEMPATH\Commands\Server\rewrite.php(47): require_once('C:\\laragon\\www\\LOGIN_REGISTER\\public\\index.php')
CRITICAL - 2023-10-01 09:05:41 --> Call to undefined method App\Models\UserModel::findfirst
in SYSTEMPATH\Model.php on line 873.
 1 APPPATH\Controllers\UserController.php(34): CodeIgniter\Model->__call('findfirst', [])
 2 SYSTEMPATH\CodeIgniter.php(919): App\Controllers\UserController->product()
 3 SYSTEMPATH\CodeIgniter.php(494): CodeIgniter\CodeIgniter->runController(Object(App\Controllers\UserController))
 4 SYSTEMPATH\CodeIgniter.php(353): CodeIgniter\CodeIgniter->handleRequest(null, Object(Config\Cache), false)
 5 FCPATH\index.php(79): CodeIgniter\CodeIgniter->run()
 6 SYSTEMPATH\Commands\Server\rewrite.php(47): require_once('C:\\laragon\\www\\LOGIN_REGISTER\\public\\index.php')
CRITICAL - 2023-10-01 09:06:07 --> Cannot access offset of type string on string
in APPPATH\Views\ecommerce\product\prodbody.php on line 83.
 1 SYSTEMPATH\View\View.php(226): include()
 2 SYSTEMPATH\View\View.php(229): CodeIgniter\View\View->CodeIgniter\View\{closure}()
 3 SYSTEMPATH\Common.php(1188): CodeIgniter\View\View->render('ecommerce/product/prodbody.php', [], true)
 4 APPPATH\Views\product.php(6): view('ecommerce/product/prodbody.php')
 5 SYSTEMPATH\View\View.php(226): include('C:\\laragon\\www\\LOGIN_REGISTER\\app\\Views\\product.php')
 6 SYSTEMPATH\View\View.php(229): CodeIgniter\View\View->CodeIgniter\View\{closure}()
 7 SYSTEMPATH\Common.php(1188): CodeIgniter\View\View->render('product', [], true)
 8 APPPATH\Controllers\UserController.php(36): view('product', [...])
 9 SYSTEMPATH\CodeIgniter.php(919): App\Controllers\UserController->product()
10 SYSTEMPATH\CodeIgniter.php(494): CodeIgniter\CodeIgniter->runController(Object(App\Controllers\UserController))
11 SYSTEMPATH\CodeIgniter.php(353): CodeIgniter\CodeIgniter->handleRequest(null, Object(Config\Cache), false)
12 FCPATH\index.php(79): CodeIgniter\CodeIgniter->run()
13 SYSTEMPATH\Commands\Server\rewrite.php(47): require_once('C:\\laragon\\www\\LOGIN_REGISTER\\public\\index.php')
CRITICAL - 2023-10-01 09:06:33 --> Call to undefined method App\Models\UserModel::column
in SYSTEMPATH\Model.php on line 873.
 1 APPPATH\Controllers\UserController.php(34): CodeIgniter\Model->__call('column', [])
 2 SYSTEMPATH\CodeIgniter.php(919): App\Controllers\UserController->product()
 3 SYSTEMPATH\CodeIgniter.php(494): CodeIgniter\CodeIgniter->runController(Object(App\Controllers\UserController))
 4 SYSTEMPATH\CodeIgniter.php(353): CodeIgniter\CodeIgniter->handleRequest(null, Object(Config\Cache), false)
 5 FCPATH\index.php(79): CodeIgniter\CodeIgniter->run()
 6 SYSTEMPATH\Commands\Server\rewrite.php(47): require_once('C:\\laragon\\www\\LOGIN_REGISTER\\public\\index.php')
CRITICAL - 2023-10-01 09:06:44 --> Cannot access offset of type string on string
in APPPATH\Views\ecommerce\product\prodbody.php on line 83.
 1 SYSTEMPATH\View\View.php(226): include()
 2 SYSTEMPATH\View\View.php(229): CodeIgniter\View\View->CodeIgniter\View\{closure}()
 3 SYSTEMPATH\Common.php(1188): CodeIgniter\View\View->render('ecommerce/product/prodbody.php', [], true)
 4 APPPATH\Views\product.php(6): view('ecommerce/product/prodbody.php')
 5 SYSTEMPATH\View\View.php(226): include('C:\\laragon\\www\\LOGIN_REGISTER\\app\\Views\\product.php')
 6 SYSTEMPATH\View\View.php(229): CodeIgniter\View\View->CodeIgniter\View\{closure}()
 7 SYSTEMPATH\Common.php(1188): CodeIgniter\View\View->render('product', [], true)
 8 APPPATH\Controllers\UserController.php(36): view('product', [...])
 9 SYSTEMPATH\CodeIgniter.php(919): App\Controllers\UserController->product()
10 SYSTEMPATH\CodeIgniter.php(494): CodeIgniter\CodeIgniter->runController(Object(App\Controllers\UserController))
11 SYSTEMPATH\CodeIgniter.php(353): CodeIgniter\CodeIgniter->handleRequest(null, Object(Config\Cache), false)
12 FCPATH\index.php(79): CodeIgniter\CodeIgniter->run()
13 SYSTEMPATH\Commands\Server\rewrite.php(47): require_once('C:\\laragon\\www\\LOGIN_REGISTER\\public\\index.php')
