CRITICAL - 2023-10-05 00:54:41 --> Undefined variable $main
in APPPATH\Views\admin\dashboard\wrapper.php on line 216.
 1 APPPATH\Views\admin\dashboard\wrapper.php(216): CodeIgniter\Debug\Exceptions->errorHandler(2, 'Undefined variable $main', 'C:\\laragon\\www\\LOGIN_REGISTER\\app\\Views\\admin\\dashboard\\wrapper.php', 216)
 2 SYSTEMPATH\View\View.php(226): include('C:\\laragon\\www\\LOGIN_REGISTER\\app\\Views\\admin\\dashboard\\wrapper.php')
 3 SYSTEMPATH\View\View.php(229): CodeIgniter\View\View->CodeIgniter\View\{closure}()
 4 SYSTEMPATH\Common.php(1188): CodeIgniter\View\View->render('admin/dashboard/wrapper.php', [], true)
 5 APPPATH\Views\dashboard.php(6): view('admin/dashboard/wrapper.php')
 6 SYSTEMPATH\View\View.php(226): include('C:\\laragon\\www\\LOGIN_REGISTER\\app\\Views\\dashboard.php')
 7 SYSTEMPATH\View\View.php(229): CodeIgniter\View\View->CodeIgniter\View\{closure}()
 8 SYSTEMPATH\Common.php(1188): CodeIgniter\View\View->render('dashboard', [], true)
 9 APPPATH\Controllers\AdminDashController.php(12): view('dashboard')
10 SYSTEMPATH\CodeIgniter.php(919): App\Controllers\AdminDashController->dash()
11 SYSTEMPATH\CodeIgniter.php(494): CodeIgniter\CodeIgniter->runController(Object(App\Controllers\AdminDashController))
12 SYSTEMPATH\CodeIgniter.php(353): CodeIgniter\CodeIgniter->handleRequest(null, Object(Config\Cache), false)
13 FCPATH\index.php(79): CodeIgniter\CodeIgniter->run()
14 SYSTEMPATH\Commands\Server\rewrite.php(47): require_once('C:\\laragon\\www\\LOGIN_REGISTER\\public\\index.php')
CRITICAL - 2023-10-05 00:56:40 --> Undefined variable $main
in APPPATH\Views\admin\dashboard\wrapper.php on line 253.
 1 APPPATH\Views\admin\dashboard\wrapper.php(253): CodeIgniter\Debug\Exceptions->errorHandler(2, 'Undefined variable $main', 'C:\\laragon\\www\\LOGIN_REGISTER\\app\\Views\\admin\\dashboard\\wrapper.php', 253)
 2 SYSTEMPATH\View\View.php(226): include('C:\\laragon\\www\\LOGIN_REGISTER\\app\\Views\\admin\\dashboard\\wrapper.php')
 3 SYSTEMPATH\View\View.php(229): CodeIgniter\View\View->CodeIgniter\View\{closure}()
 4 SYSTEMPATH\Common.php(1188): CodeIgniter\View\View->render('admin/dashboard/wrapper.php', [], true)
 5 APPPATH\Views\dashboard.php(6): view('admin/dashboard/wrapper.php')
 6 SYSTEMPATH\View\View.php(226): include('C:\\laragon\\www\\LOGIN_REGISTER\\app\\Views\\dashboard.php')
 7 SYSTEMPATH\View\View.php(229): CodeIgniter\View\View->CodeIgniter\View\{closure}()
 8 SYSTEMPATH\Common.php(1188): CodeIgniter\View\View->render('dashboard', [], true)
 9 APPPATH\Controllers\AdminDashController.php(12): view('dashboard')
10 SYSTEMPATH\CodeIgniter.php(919): App\Controllers\AdminDashController->dash()
11 SYSTEMPATH\CodeIgniter.php(494): CodeIgniter\CodeIgniter->runController(Object(App\Controllers\AdminDashController))
12 SYSTEMPATH\CodeIgniter.php(353): CodeIgniter\CodeIgniter->handleRequest(null, Object(Config\Cache), false)
13 FCPATH\index.php(79): CodeIgniter\CodeIgniter->run()
14 SYSTEMPATH\Commands\Server\rewrite.php(47): require_once('C:\\laragon\\www\\LOGIN_REGISTER\\public\\index.php')
CRITICAL - 2023-10-05 01:10:10 --> Undefined variable $main
in APPPATH\Views\admin\dashboard\wrapper.php on line 253.
 1 APPPATH\Views\admin\dashboard\wrapper.php(253): CodeIgniter\Debug\Exceptions->errorHandler(2, 'Undefined variable $main', 'C:\\laragon\\www\\LOGIN_REGISTER\\app\\Views\\admin\\dashboard\\wrapper.php', 253)
 2 SYSTEMPATH\View\View.php(226): include('C:\\laragon\\www\\LOGIN_REGISTER\\app\\Views\\admin\\dashboard\\wrapper.php')
 3 SYSTEMPATH\View\View.php(229): CodeIgniter\View\View->CodeIgniter\View\{closure}()
 4 SYSTEMPATH\Common.php(1188): CodeIgniter\View\View->render('admin/dashboard/wrapper.php', [], true)
 5 APPPATH\Views\dashboard.php(6): view('admin/dashboard/wrapper.php')
 6 SYSTEMPATH\View\View.php(226): include('C:\\laragon\\www\\LOGIN_REGISTER\\app\\Views\\dashboard.php')
 7 SYSTEMPATH\View\View.php(229): CodeIgniter\View\View->CodeIgniter\View\{closure}()
 8 SYSTEMPATH\Common.php(1188): CodeIgniter\View\View->render('dashboard', [], true)
 9 APPPATH\Controllers\AdminDashController.php(54): view('dashboard', [...])
10 SYSTEMPATH\CodeIgniter.php(919): App\Controllers\AdminDashController->test()
11 SYSTEMPATH\CodeIgniter.php(494): CodeIgniter\CodeIgniter->runController(Object(App\Controllers\AdminDashController))
12 SYSTEMPATH\CodeIgniter.php(353): CodeIgniter\CodeIgniter->handleRequest(null, Object(Config\Cache), false)
13 FCPATH\index.php(79): CodeIgniter\CodeIgniter->run()
14 SYSTEMPATH\Commands\Server\rewrite.php(47): require_once('C:\\laragon\\www\\LOGIN_REGISTER\\public\\index.php')
CRITICAL - 2023-10-05 01:10:21 --> Undefined variable $main
in APPPATH\Views\admin\dashboard\wrapper.php on line 253.
 1 APPPATH\Views\admin\dashboard\wrapper.php(253): CodeIgniter\Debug\Exceptions->errorHandler(2, 'Undefined variable $main', 'C:\\laragon\\www\\LOGIN_REGISTER\\app\\Views\\admin\\dashboard\\wrapper.php', 253)
 2 SYSTEMPATH\View\View.php(226): include('C:\\laragon\\www\\LOGIN_REGISTER\\app\\Views\\admin\\dashboard\\wrapper.php')
 3 SYSTEMPATH\View\View.php(229): CodeIgniter\View\View->CodeIgniter\View\{closure}()
 4 SYSTEMPATH\Common.php(1188): CodeIgniter\View\View->render('admin/dashboard/wrapper.php', [], true)
 5 APPPATH\Views\dashboard.php(6): view('admin/dashboard/wrapper.php')
 6 SYSTEMPATH\View\View.php(226): include('C:\\laragon\\www\\LOGIN_REGISTER\\app\\Views\\dashboard.php')
 7 SYSTEMPATH\View\View.php(229): CodeIgniter\View\View->CodeIgniter\View\{closure}()
 8 SYSTEMPATH\Common.php(1188): CodeIgniter\View\View->render('dashboard', [], true)
 9 APPPATH\Controllers\AdminDashController.php(54): view('dashboard', [...])
10 SYSTEMPATH\CodeIgniter.php(919): App\Controllers\AdminDashController->test()
11 SYSTEMPATH\CodeIgniter.php(494): CodeIgniter\CodeIgniter->runController(Object(App\Controllers\AdminDashController))
12 SYSTEMPATH\CodeIgniter.php(353): CodeIgniter\CodeIgniter->handleRequest(null, Object(Config\Cache), false)
13 FCPATH\index.php(79): CodeIgniter\CodeIgniter->run()
14 SYSTEMPATH\Commands\Server\rewrite.php(47): require_once('C:\\laragon\\www\\LOGIN_REGISTER\\public\\index.php')
ERROR - 2023-10-05 06:17:36 --> Error connecting to the database: mysqli_sql_exception: No connection could be made because the target machine actively refused it in C:\laragon\www\LOGIN_REGISTER\system\Database\MySQLi\Connection.php:185
Stack trace:
#0 C:\laragon\www\LOGIN_REGISTER\system\Database\MySQLi\Connection.php(185): mysqli->real_connect('localhost', 'root', '', 'trydatabse', 3306, '', 0)
#1 C:\laragon\www\LOGIN_REGISTER\system\Database\BaseConnection.php(391): CodeIgniter\Database\MySQLi\Connection->connect(false)
#2 C:\laragon\www\LOGIN_REGISTER\system\Database\BaseConnection.php(574): CodeIgniter\Database\BaseConnection->initialize()
#3 C:\laragon\www\LOGIN_REGISTER\system\Database\BaseBuilder.php(1615): CodeIgniter\Database\BaseConnection->query('SELECT *\nFROM `...', Array, false)
#4 C:\laragon\www\LOGIN_REGISTER\system\Model.php(237): CodeIgniter\Database\BaseBuilder->get()
#5 C:\laragon\www\LOGIN_REGISTER\system\BaseModel.php(624): CodeIgniter\Model->doFindAll(0, 0)
#6 C:\laragon\www\LOGIN_REGISTER\app\Controllers\UserController.php(14): CodeIgniter\BaseModel->findAll()
#7 C:\laragon\www\LOGIN_REGISTER\system\CodeIgniter.php(919): App\Controllers\UserController->main()
#8 C:\laragon\www\LOGIN_REGISTER\system\CodeIgniter.php(494): CodeIgniter\CodeIgniter->runController(Object(App\Controllers\UserController))
#9 C:\laragon\www\LOGIN_REGISTER\system\CodeIgniter.php(353): CodeIgniter\CodeIgniter->handleRequest(NULL, Object(Config\Cache), false)
#10 C:\laragon\www\LOGIN_REGISTER\public\index.php(79): CodeIgniter\CodeIgniter->run()
#11 C:\laragon\www\LOGIN_REGISTER\system\Commands\Server\rewrite.php(47): require_once('C:\\laragon\\www\\...')
#12 {main}

Next CodeIgniter\Database\Exceptions\DatabaseException: No connection could be made because the target machine actively refused it in C:\laragon\www\LOGIN_REGISTER\system\Database\MySQLi\Connection.php:229
Stack trace:
#0 C:\laragon\www\LOGIN_REGISTER\system\Database\BaseConnection.php(391): CodeIgniter\Database\MySQLi\Connection->connect(false)
#1 C:\laragon\www\LOGIN_REGISTER\system\Database\BaseConnection.php(574): CodeIgniter\Database\BaseConnection->initialize()
#2 C:\laragon\www\LOGIN_REGISTER\system\Database\BaseBuilder.php(1615): CodeIgniter\Database\BaseConnection->query('SELECT *\nFROM `...', Array, false)
#3 C:\laragon\www\LOGIN_REGISTER\system\Model.php(237): CodeIgniter\Database\BaseBuilder->get()
#4 C:\laragon\www\LOGIN_REGISTER\system\BaseModel.php(624): CodeIgniter\Model->doFindAll(0, 0)
#5 C:\laragon\www\LOGIN_REGISTER\app\Controllers\UserController.php(14): CodeIgniter\BaseModel->findAll()
#6 C:\laragon\www\LOGIN_REGISTER\system\CodeIgniter.php(919): App\Controllers\UserController->main()
#7 C:\laragon\www\LOGIN_REGISTER\system\CodeIgniter.php(494): CodeIgniter\CodeIgniter->runController(Object(App\Controllers\UserController))
#8 C:\laragon\www\LOGIN_REGISTER\system\CodeIgniter.php(353): CodeIgniter\CodeIgniter->handleRequest(NULL, Object(Config\Cache), false)
#9 C:\laragon\www\LOGIN_REGISTER\public\index.php(79): CodeIgniter\CodeIgniter->run()
#10 C:\laragon\www\LOGIN_REGISTER\system\Commands\Server\rewrite.php(47): require_once('C:\\laragon\\www\\...')
#11 {main}
CRITICAL - 2023-10-05 06:17:36 --> Unable to connect to the database.
Main connection [MySQLi]: No connection could be made because the target machine actively refused it
in SYSTEMPATH\Database\BaseConnection.php on line 427.
 1 SYSTEMPATH\Database\BaseConnection.php(574): CodeIgniter\Database\BaseConnection->initialize()
 2 SYSTEMPATH\Database\BaseBuilder.php(1615): CodeIgniter\Database\BaseConnection->query('SELECT *
FROM `product`', [], false)
 3 SYSTEMPATH\Model.php(237): CodeIgniter\Database\BaseBuilder->get()
 4 SYSTEMPATH\BaseModel.php(624): CodeIgniter\Model->doFindAll(0, 0)
 5 APPPATH\Controllers\UserController.php(14): CodeIgniter\BaseModel->findAll()
 6 SYSTEMPATH\CodeIgniter.php(919): App\Controllers\UserController->main()
 7 SYSTEMPATH\CodeIgniter.php(494): CodeIgniter\CodeIgniter->runController(Object(App\Controllers\UserController))
 8 SYSTEMPATH\CodeIgniter.php(353): CodeIgniter\CodeIgniter->handleRequest(null, Object(Config\Cache), false)
 9 FCPATH\index.php(79): CodeIgniter\CodeIgniter->run()
10 SYSTEMPATH\Commands\Server\rewrite.php(47): require_once('C:\\laragon\\www\\LOGIN_REGISTER\\public\\index.php')
